2025-08-25T09:34:33.538+05:30  INFO 4684 --- [growthlab-backend] [restartedMain] c.m.g.GrowthlabBackendApplication        : Starting GrowthlabBackendApplication using Java 17.0.11 with PID 4684 (C:\Users\Admin\growthlab-backend\target\classes started by Admin in C:\Users\Admin\growthlab-backend)
2025-08-25T09:34:33.561+05:30  INFO 4684 --- [growthlab-backend] [restartedMain] c.m.g.GrowthlabBackendApplication        : No active profile set, falling back to 1 default profile: "default"
2025-08-25T09:34:33.850+05:30  INFO 4684 --- [growthlab-backend] [restartedMain] .e.DevToolsPropertyDefaultsPostProcessor : Devtools property defaults active! Set 'spring.devtools.add-properties' to 'false' to disable
2025-08-25T09:34:33.852+05:30  INFO 4684 --- [growthlab-backend] [restartedMain] .e.DevToolsPropertyDefaultsPostProcessor : For additional web related logging consider setting the 'logging.level.web' property to 'DEBUG'
2025-08-25T09:34:47.762+05:30  INFO 4684 --- [growthlab-backend] [restartedMain] .s.d.r.c.RepositoryConfigurationDelegate : Multiple Spring Data modules found, entering strict repository configuration mode
2025-08-25T09:34:47.763+05:30  INFO 4684 --- [growthlab-backend] [restartedMain] .s.d.r.c.RepositoryConfigurationDelegate : Bootstrapping Spring Data JPA repositories in DEFAULT mode.
2025-08-25T09:34:49.368+05:30  INFO 4684 --- [growthlab-backend] [restartedMain] .s.d.r.c.RepositoryConfigurationDelegate : Finished Spring Data repository scanning in 1545 ms. Found 20 JPA repository interfaces.
2025-08-25T09:34:57.158+05:30  INFO 4684 --- [growthlab-backend] [restartedMain] o.s.b.w.embedded.tomcat.TomcatWebServer  : Tomcat initialized with port 8080 (http)
2025-08-25T09:34:57.261+05:30  INFO 4684 --- [growthlab-backend] [restartedMain] o.apache.catalina.core.StandardService   : Starting service [Tomcat]
2025-08-25T09:34:57.271+05:30  INFO 4684 --- [growthlab-backend] [restartedMain] o.apache.catalina.core.StandardEngine    : Starting Servlet engine: [Apache Tomcat/10.1.41]
2025-08-25T09:34:58.206+05:30  INFO 4684 --- [growthlab-backend] [restartedMain] o.a.c.c.C.[Tomcat].[localhost].[/]       : Initializing Spring embedded WebApplicationContext
2025-08-25T09:34:58.210+05:30  INFO 4684 --- [growthlab-backend] [restartedMain] w.s.c.ServletWebServerApplicationContext : Root WebApplicationContext: initialization completed in 24344 ms
2025-08-25T09:35:00.992+05:30  INFO 4684 --- [growthlab-backend] [restartedMain] o.hibernate.jpa.internal.util.LogHelper  : HHH000204: Processing PersistenceUnitInfo [name: default]
2025-08-25T09:35:01.808+05:30  INFO 4684 --- [growthlab-backend] [restartedMain] org.hibernate.Version                    : HHH000412: Hibernate ORM core version 6.5.3.Final
2025-08-25T09:35:02.358+05:30  INFO 4684 --- [growthlab-backend] [restartedMain] o.h.c.internal.RegionFactoryInitiator    : HHH000026: Second-level cache disabled
2025-08-25T09:35:05.358+05:30  INFO 4684 --- [growthlab-backend] [restartedMain] o.s.o.j.p.SpringPersistenceUnitInfo      : No LoadTimeWeaver setup: ignoring JPA class transformer
2025-08-25T09:35:05.616+05:30  INFO 4684 --- [growthlab-backend] [restartedMain] com.zaxxer.hikari.HikariDataSource       : HikariPool-1 - Starting...
2025-08-25T09:35:06.859+05:30  INFO 4684 --- [growthlab-backend] [restartedMain] com.zaxxer.hikari.pool.HikariPool        : HikariPool-1 - Added connection org.postgresql.jdbc.PgConnection@1849998a
2025-08-25T09:35:06.868+05:30  INFO 4684 --- [growthlab-backend] [restartedMain] com.zaxxer.hikari.HikariDataSource       : HikariPool-1 - Start completed.
2025-08-25T09:35:07.202+05:30  WARN 4684 --- [growthlab-backend] [restartedMain] org.hibernate.orm.deprecation            : HHH90000025: PostgreSQLDialect does not need to be specified explicitly using 'hibernate.dialect' (remove the property setting and it will be selected by default)
2025-08-25T09:35:14.872+05:30  INFO 4684 --- [growthlab-backend] [restartedMain] o.h.e.t.j.p.i.JtaPlatformInitiator       : HHH000489: No JTA platform available (set 'hibernate.transaction.jta.platform' to enable JTA platform integration)
2025-08-25T09:35:19.520+05:30  INFO 4684 --- [growthlab-backend] [restartedMain] j.LocalContainerEntityManagerFactoryBean : Initialized JPA EntityManagerFactory for persistence unit 'default'
2025-08-25T09:35:21.467+05:30  INFO 4684 --- [growthlab-backend] [restartedMain] o.s.d.j.r.query.QueryEnhancerFactory     : Hibernate is in classpath; If applicable, HQL parser will be used.
2025-08-25T09:35:37.839+05:30  WARN 4684 --- [growthlab-backend] [restartedMain] .s.s.UserDetailsServiceAutoConfiguration : 

Using generated security password: 979aaa3a-2c32-4d5a-8067-02596c09a698

This generated password is for development use only. Your security configuration must be updated before running your application in production.

2025-08-25T09:35:37.924+05:30  INFO 4684 --- [growthlab-backend] [restartedMain] r$InitializeUserDetailsManagerConfigurer : Global AuthenticationManager configured with UserDetailsService bean with name inMemoryUserDetailsManager
2025-08-25T09:35:38.607+05:30  INFO 4684 --- [growthlab-backend] [restartedMain] o.s.b.a.w.s.WelcomePageHandlerMapping    : Adding welcome page: class path resource [static/index.html]
2025-08-25T09:35:40.112+05:30  INFO 4684 --- [growthlab-backend] [restartedMain] o.s.b.a.e.web.EndpointLinksResolver      : Exposing 16 endpoints beneath base path '/actuator'
2025-08-25T09:35:42.883+05:30  INFO 4684 --- [growthlab-backend] [restartedMain] .w.s.a.s.AnnotationActionEndpointMapping : Supporting [WS-Addressing August 2004, WS-Addressing 1.0]
2025-08-25T09:35:43.131+05:30  INFO 4684 --- [growthlab-backend] [restartedMain] o.s.b.d.a.OptionalLiveReloadServer       : LiveReload server is running on port 35729
2025-08-25T09:35:43.587+05:30  INFO 4684 --- [growthlab-backend] [restartedMain] o.s.b.w.embedded.tomcat.TomcatWebServer  : Tomcat started on port 8080 (http) with context path '/'
2025-08-25T09:35:43.682+05:30  INFO 4684 --- [growthlab-backend] [restartedMain] c.m.g.GrowthlabBackendApplication        : Started GrowthlabBackendApplication in 72.247 seconds (process running for 76.331)
2025-08-25T09:35:45.118+05:30  INFO 4684 --- [growthlab-backend] [RMI TCP Connection(4)-127.0.0.1] o.a.c.c.C.[Tomcat].[localhost].[/]       : Initializing Spring DispatcherServlet 'dispatcherServlet'
2025-08-25T09:35:45.119+05:30  INFO 4684 --- [growthlab-backend] [RMI TCP Connection(4)-127.0.0.1] o.s.web.servlet.DispatcherServlet        : Initializing Servlet 'dispatcherServlet'
2025-08-25T09:35:45.127+05:30  INFO 4684 --- [growthlab-backend] [RMI TCP Connection(4)-127.0.0.1] o.s.web.servlet.DispatcherServlet        : Completed initialization in 7 ms
2025-08-25T09:40:35.871+05:30  WARN 4684 --- [growthlab-backend] [http-nio-8080-exec-2] o.a.c.util.SessionIdGeneratorBase        : Creation of SecureRandom instance for session ID generation using [SHA1PRNG] took [151] milliseconds.
2025-08-25T09:41:22.141+05:30  INFO 4684 --- [growthlab-backend] [http-nio-8080-exec-7] c.m.growthlab.service.UserServiceImpl    : Fetching all users from database - cache miss
2025-08-25T11:26:25.512+05:30  WARN 4684 --- [growthlab-backend] [HikariPool-1 housekeeper] com.zaxxer.hikari.pool.HikariPool        : HikariPool-1 - Thread starvation or clock leap detected (housekeeper delta=30m45s812ms384µs900ns).
2025-08-25T11:54:03.585+05:30  WARN 4684 --- [growthlab-backend] [http-nio-8080-exec-2] o.h.engine.jdbc.spi.SqlExceptionHelper   : SQL Error: 0, SQLState: 23505
2025-08-25T11:54:03.599+05:30 ERROR 4684 --- [growthlab-backend] [http-nio-8080-exec-2] o.h.engine.jdbc.spi.SqlExceptionHelper   : ERROR: duplicate key value violates unique constraint "ukai337ij45rqry63gbhrf4fxbp"
  Detail: Key (user_id)=(support@mindfultalk.in) already exists.
2025-08-25T11:54:04.037+05:30  WARN 4684 --- [growthlab-backend] [http-nio-8080-exec-2] .m.m.a.ExceptionHandlerExceptionResolver : Resolved [org.springframework.dao.DataIntegrityViolationException: could not execute statement [ERROR: duplicate key value violates unique constraint "ukai337ij45rqry63gbhrf4fxbp"<EOL>  Detail: Key (user_id)=(support@mindfultalk.in) already exists.] [insert into super_admin (password,user_id,uuid) values (?,?,?) returning id]; SQL [insert into super_admin (password,user_id,uuid) values (?,?,?) returning id]; constraint [ukai337ij45rqry63gbhrf4fxbp]]
2025-08-25T11:57:15.386+05:30  INFO 4684 --- [growthlab-backend] [http-nio-8080-exec-1] c.m.growthlab.service.UserServiceImpl    : Fetching all users from database - cache miss
2025-08-25T11:57:15.387+05:30  INFO 4684 --- [growthlab-backend] [http-nio-8080-exec-3] c.m.g.service.ProgramServiceImpl         : Fetching all programs
2025-08-25T11:57:15.387+05:30  INFO 4684 --- [growthlab-backend] [http-nio-8080-exec-2] c.m.growthlab.service.CohortServiceImpl  : Retrieving all cohorts from database
2025-08-25T11:57:15.499+05:30  INFO 4684 --- [growthlab-backend] [http-nio-8080-exec-3] c.m.g.service.ProgramServiceImpl         : Successfully fetched 0 programs in 111ms
2025-08-25T11:57:15.539+05:30  INFO 4684 --- [growthlab-backend] [http-nio-8080-exec-2] c.m.growthlab.service.CohortServiceImpl  : Successfully retrieved 0 cohorts
2025-08-25T12:12:20.401+05:30  INFO 4684 --- [growthlab-backend] [File Watcher] rtingClassPathChangeChangedEventListener : Restarting due to 1 class path change (0 additions, 0 deletions, 1 modification)
2025-08-25T12:12:21.257+05:30  INFO 4684 --- [growthlab-backend] [Thread-6] j.LocalContainerEntityManagerFactoryBean : Closing JPA EntityManagerFactory for persistence unit 'default'
2025-08-25T12:12:21.340+05:30  INFO 4684 --- [growthlab-backend] [Thread-6] com.zaxxer.hikari.HikariDataSource       : HikariPool-1 - Shutdown initiated...
2025-08-25T12:12:21.353+05:30  INFO 4684 --- [growthlab-backend] [Thread-6] com.zaxxer.hikari.HikariDataSource       : HikariPool-1 - Shutdown completed.
2025-08-25T12:12:22.595+05:30  INFO 4684 --- [growthlab-backend] [restartedMain] c.m.g.GrowthlabBackendApplication        : Starting GrowthlabBackendApplication using Java 17.0.11 with PID 4684 (C:\Users\Admin\growthlab-backend\target\classes started by Admin in C:\Users\Admin\growthlab-backend)
2025-08-25T12:12:22.606+05:30  INFO 4684 --- [growthlab-backend] [restartedMain] c.m.g.GrowthlabBackendApplication        : No active profile set, falling back to 1 default profile: "default"
2025-08-25T12:12:28.682+05:30  INFO 4684 --- [growthlab-backend] [restartedMain] .s.d.r.c.RepositoryConfigurationDelegate : Multiple Spring Data modules found, entering strict repository configuration mode
2025-08-25T12:12:28.682+05:30  INFO 4684 --- [growthlab-backend] [restartedMain] .s.d.r.c.RepositoryConfigurationDelegate : Bootstrapping Spring Data JPA repositories in DEFAULT mode.
2025-08-25T12:12:28.854+05:30  INFO 4684 --- [growthlab-backend] [restartedMain] .s.d.r.c.RepositoryConfigurationDelegate : Finished Spring Data repository scanning in 171 ms. Found 20 JPA repository interfaces.
2025-08-25T12:12:30.983+05:30  INFO 4684 --- [growthlab-backend] [restartedMain] o.s.b.w.embedded.tomcat.TomcatWebServer  : Tomcat initialized with port 8080 (http)
2025-08-25T12:12:30.985+05:30  INFO 4684 --- [growthlab-backend] [restartedMain] o.apache.catalina.core.StandardService   : Starting service [Tomcat]
2025-08-25T12:12:30.986+05:30  INFO 4684 --- [growthlab-backend] [restartedMain] o.apache.catalina.core.StandardEngine    : Starting Servlet engine: [Apache Tomcat/10.1.41]
2025-08-25T12:12:31.119+05:30  INFO 4684 --- [growthlab-backend] [restartedMain] o.a.c.c.C.[Tomcat].[localhost].[/]       : Initializing Spring embedded WebApplicationContext
2025-08-25T12:12:31.119+05:30  INFO 4684 --- [growthlab-backend] [restartedMain] w.s.c.ServletWebServerApplicationContext : Root WebApplicationContext: initialization completed in 8495 ms
2025-08-25T12:12:31.691+05:30  INFO 4684 --- [growthlab-backend] [restartedMain] o.hibernate.jpa.internal.util.LogHelper  : HHH000204: Processing PersistenceUnitInfo [name: default]
2025-08-25T12:12:31.700+05:30  INFO 4684 --- [growthlab-backend] [restartedMain] o.h.c.internal.RegionFactoryInitiator    : HHH000026: Second-level cache disabled
2025-08-25T12:12:31.756+05:30  INFO 4684 --- [growthlab-backend] [restartedMain] o.s.o.j.p.SpringPersistenceUnitInfo      : No LoadTimeWeaver setup: ignoring JPA class transformer
2025-08-25T12:12:31.760+05:30  INFO 4684 --- [growthlab-backend] [restartedMain] com.zaxxer.hikari.HikariDataSource       : HikariPool-2 - Starting...
2025-08-25T12:12:31.917+05:30  INFO 4684 --- [growthlab-backend] [restartedMain] com.zaxxer.hikari.pool.HikariPool        : HikariPool-2 - Added connection org.postgresql.jdbc.PgConnection@78325333
2025-08-25T12:12:31.918+05:30  INFO 4684 --- [growthlab-backend] [restartedMain] com.zaxxer.hikari.HikariDataSource       : HikariPool-2 - Start completed.
2025-08-25T12:12:31.942+05:30  WARN 4684 --- [growthlab-backend] [restartedMain] org.hibernate.orm.deprecation            : HHH90000025: PostgreSQLDialect does not need to be specified explicitly using 'hibernate.dialect' (remove the property setting and it will be selected by default)
2025-08-25T12:12:32.723+05:30  INFO 4684 --- [growthlab-backend] [restartedMain] o.h.e.t.j.p.i.JtaPlatformInitiator       : HHH000489: No JTA platform available (set 'hibernate.transaction.jta.platform' to enable JTA platform integration)
2025-08-25T12:12:37.768+05:30  INFO 4684 --- [growthlab-backend] [restartedMain] j.LocalContainerEntityManagerFactoryBean : Initialized JPA EntityManagerFactory for persistence unit 'default'
2025-08-25T12:12:39.929+05:30  WARN 4684 --- [growthlab-backend] [restartedMain] .s.s.UserDetailsServiceAutoConfiguration : 

Using generated security password: dc9108a5-9e15-447a-9813-d898cf212820

This generated password is for development use only. Your security configuration must be updated before running your application in production.

2025-08-25T12:12:39.933+05:30  INFO 4684 --- [growthlab-backend] [restartedMain] r$InitializeUserDetailsManagerConfigurer : Global AuthenticationManager configured with UserDetailsService bean with name inMemoryUserDetailsManager
2025-08-25T12:12:39.971+05:30  INFO 4684 --- [growthlab-backend] [restartedMain] o.s.b.a.w.s.WelcomePageHandlerMapping    : Adding welcome page: class path resource [static/index.html]
2025-08-25T12:12:40.330+05:30  INFO 4684 --- [growthlab-backend] [restartedMain] o.s.b.a.e.web.EndpointLinksResolver      : Exposing 16 endpoints beneath base path '/actuator'
2025-08-25T12:12:40.874+05:30  INFO 4684 --- [growthlab-backend] [restartedMain] .w.s.a.s.AnnotationActionEndpointMapping : Supporting [WS-Addressing August 2004, WS-Addressing 1.0]
2025-08-25T12:12:40.901+05:30  INFO 4684 --- [growthlab-backend] [restartedMain] o.s.b.d.a.OptionalLiveReloadServer       : LiveReload server is running on port 35729
2025-08-25T12:12:40.988+05:30  INFO 4684 --- [growthlab-backend] [restartedMain] o.s.b.w.embedded.tomcat.TomcatWebServer  : Tomcat started on port 8080 (http) with context path '/'
2025-08-25T12:12:41.016+05:30  INFO 4684 --- [growthlab-backend] [restartedMain] c.m.g.GrowthlabBackendApplication        : Started GrowthlabBackendApplication in 18.569 seconds (process running for 9493.698)
2025-08-25T12:12:41.023+05:30  INFO 4684 --- [growthlab-backend] [restartedMain] .ConditionEvaluationDeltaLoggingListener : Condition evaluation unchanged
2025-08-25T12:17:00.407+05:30  INFO 4684 --- [growthlab-backend] [File Watcher] rtingClassPathChangeChangedEventListener : Restarting due to 1 class path change (0 additions, 0 deletions, 1 modification)
2025-08-25T12:17:00.561+05:30  INFO 4684 --- [growthlab-backend] [Thread-8] j.LocalContainerEntityManagerFactoryBean : Closing JPA EntityManagerFactory for persistence unit 'default'
2025-08-25T12:17:00.563+05:30  INFO 4684 --- [growthlab-backend] [Thread-8] com.zaxxer.hikari.HikariDataSource       : HikariPool-2 - Shutdown initiated...
2025-08-25T12:17:00.568+05:30  INFO 4684 --- [growthlab-backend] [Thread-8] com.zaxxer.hikari.HikariDataSource       : HikariPool-2 - Shutdown completed.
2025-08-25T12:17:00.788+05:30  INFO 4684 --- [growthlab-backend] [restartedMain] c.m.g.GrowthlabBackendApplication        : Starting GrowthlabBackendApplication using Java 17.0.11 with PID 4684 (C:\Users\Admin\growthlab-backend\target\classes started by Admin in C:\Users\Admin\growthlab-backend)
2025-08-25T12:17:00.789+05:30  INFO 4684 --- [growthlab-backend] [restartedMain] c.m.g.GrowthlabBackendApplication        : No active profile set, falling back to 1 default profile: "default"
2025-08-25T12:17:01.713+05:30  INFO 4684 --- [growthlab-backend] [restartedMain] .s.d.r.c.RepositoryConfigurationDelegate : Multiple Spring Data modules found, entering strict repository configuration mode
2025-08-25T12:17:01.713+05:30  INFO 4684 --- [growthlab-backend] [restartedMain] .s.d.r.c.RepositoryConfigurationDelegate : Bootstrapping Spring Data JPA repositories in DEFAULT mode.
2025-08-25T12:17:01.808+05:30  INFO 4684 --- [growthlab-backend] [restartedMain] .s.d.r.c.RepositoryConfigurationDelegate : Finished Spring Data repository scanning in 94 ms. Found 20 JPA repository interfaces.
2025-08-25T12:17:02.444+05:30  INFO 4684 --- [growthlab-backend] [restartedMain] o.s.b.w.embedded.tomcat.TomcatWebServer  : Tomcat initialized with port 8080 (http)
2025-08-25T12:17:02.446+05:30  INFO 4684 --- [growthlab-backend] [restartedMain] o.apache.catalina.core.StandardService   : Starting service [Tomcat]
2025-08-25T12:17:02.446+05:30  INFO 4684 --- [growthlab-backend] [restartedMain] o.apache.catalina.core.StandardEngine    : Starting Servlet engine: [Apache Tomcat/10.1.41]
2025-08-25T12:17:02.506+05:30  INFO 4684 --- [growthlab-backend] [restartedMain] o.a.c.c.C.[Tomcat].[localhost].[/]       : Initializing Spring embedded WebApplicationContext
2025-08-25T12:17:02.506+05:30  INFO 4684 --- [growthlab-backend] [restartedMain] w.s.c.ServletWebServerApplicationContext : Root WebApplicationContext: initialization completed in 1711 ms
2025-08-25T12:17:02.745+05:30  INFO 4684 --- [growthlab-backend] [restartedMain] o.hibernate.jpa.internal.util.LogHelper  : HHH000204: Processing PersistenceUnitInfo [name: default]
2025-08-25T12:17:02.754+05:30  INFO 4684 --- [growthlab-backend] [restartedMain] o.h.c.internal.RegionFactoryInitiator    : HHH000026: Second-level cache disabled
2025-08-25T12:17:02.780+05:30  INFO 4684 --- [growthlab-backend] [restartedMain] o.s.o.j.p.SpringPersistenceUnitInfo      : No LoadTimeWeaver setup: ignoring JPA class transformer
2025-08-25T12:17:02.785+05:30  INFO 4684 --- [growthlab-backend] [restartedMain] com.zaxxer.hikari.HikariDataSource       : HikariPool-3 - Starting...
2025-08-25T12:17:02.902+05:30  INFO 4684 --- [growthlab-backend] [restartedMain] com.zaxxer.hikari.pool.HikariPool        : HikariPool-3 - Added connection org.postgresql.jdbc.PgConnection@2b2e8ac3
2025-08-25T12:17:02.903+05:30  INFO 4684 --- [growthlab-backend] [restartedMain] com.zaxxer.hikari.HikariDataSource       : HikariPool-3 - Start completed.
2025-08-25T12:17:02.920+05:30  WARN 4684 --- [growthlab-backend] [restartedMain] org.hibernate.orm.deprecation            : HHH90000025: PostgreSQLDialect does not need to be specified explicitly using 'hibernate.dialect' (remove the property setting and it will be selected by default)
2025-08-25T12:17:03.687+05:30  INFO 4684 --- [growthlab-backend] [restartedMain] o.h.e.t.j.p.i.JtaPlatformInitiator       : HHH000489: No JTA platform available (set 'hibernate.transaction.jta.platform' to enable JTA platform integration)
2025-08-25T12:17:06.743+05:30  INFO 4684 --- [growthlab-backend] [restartedMain] j.LocalContainerEntityManagerFactoryBean : Initialized JPA EntityManagerFactory for persistence unit 'default'
2025-08-25T12:17:08.026+05:30  WARN 4684 --- [growthlab-backend] [restartedMain] .s.s.UserDetailsServiceAutoConfiguration : 

Using generated security password: 7b80a77e-bb2d-48d4-9900-9877230e8431

This generated password is for development use only. Your security configuration must be updated before running your application in production.

2025-08-25T12:17:08.029+05:30  INFO 4684 --- [growthlab-backend] [restartedMain] r$InitializeUserDetailsManagerConfigurer : Global AuthenticationManager configured with UserDetailsService bean with name inMemoryUserDetailsManager
2025-08-25T12:17:08.068+05:30  INFO 4684 --- [growthlab-backend] [restartedMain] o.s.b.a.w.s.WelcomePageHandlerMapping    : Adding welcome page: class path resource [static/index.html]
2025-08-25T12:17:08.396+05:30  INFO 4684 --- [growthlab-backend] [restartedMain] o.s.b.a.e.web.EndpointLinksResolver      : Exposing 16 endpoints beneath base path '/actuator'
2025-08-25T12:17:08.806+05:30  INFO 4684 --- [growthlab-backend] [restartedMain] .w.s.a.s.AnnotationActionEndpointMapping : Supporting [WS-Addressing August 2004, WS-Addressing 1.0]
2025-08-25T12:17:08.830+05:30  INFO 4684 --- [growthlab-backend] [restartedMain] o.s.b.d.a.OptionalLiveReloadServer       : LiveReload server is running on port 35729
2025-08-25T12:17:08.893+05:30  INFO 4684 --- [growthlab-backend] [restartedMain] o.s.b.w.embedded.tomcat.TomcatWebServer  : Tomcat started on port 8080 (http) with context path '/'
2025-08-25T12:17:08.920+05:30  INFO 4684 --- [growthlab-backend] [restartedMain] c.m.g.GrowthlabBackendApplication        : Started GrowthlabBackendApplication in 8.206 seconds (process running for 9761.603)
2025-08-25T12:17:08.925+05:30  INFO 4684 --- [growthlab-backend] [restartedMain] .ConditionEvaluationDeltaLoggingListener : Condition evaluation unchanged
2025-08-25T12:28:11.789+05:30  INFO 4684 --- [growthlab-backend] [http-nio-8080-exec-3] o.a.c.c.C.[Tomcat].[localhost].[/]       : Initializing Spring DispatcherServlet 'dispatcherServlet'
2025-08-25T12:28:11.803+05:30  INFO 4684 --- [growthlab-backend] [http-nio-8080-exec-3] o.s.web.servlet.DispatcherServlet        : Initializing Servlet 'dispatcherServlet'
2025-08-25T12:28:11.856+05:30  INFO 4684 --- [growthlab-backend] [http-nio-8080-exec-3] o.s.web.servlet.DispatcherServlet        : Completed initialization in 52 ms
2025-08-25T12:38:41.970+05:30  INFO 4684 --- [growthlab-backend] [File Watcher] rtingClassPathChangeChangedEventListener : Restarting due to 1 class path change (0 additions, 0 deletions, 1 modification)
2025-08-25T12:38:42.260+05:30  INFO 4684 --- [growthlab-backend] [Thread-13] j.LocalContainerEntityManagerFactoryBean : Closing JPA EntityManagerFactory for persistence unit 'default'
2025-08-25T12:38:42.299+05:30  INFO 4684 --- [growthlab-backend] [Thread-13] com.zaxxer.hikari.HikariDataSource       : HikariPool-3 - Shutdown initiated...
2025-08-25T12:38:42.307+05:30  INFO 4684 --- [growthlab-backend] [Thread-13] com.zaxxer.hikari.HikariDataSource       : HikariPool-3 - Shutdown completed.
2025-08-25T12:38:43.147+05:30  INFO 4684 --- [growthlab-backend] [restartedMain] c.m.g.GrowthlabBackendApplication        : Starting GrowthlabBackendApplication using Java 17.0.11 with PID 4684 (C:\Users\Admin\growthlab-backend\target\classes started by Admin in C:\Users\Admin\growthlab-backend)
2025-08-25T12:38:43.148+05:30  INFO 4684 --- [growthlab-backend] [restartedMain] c.m.g.GrowthlabBackendApplication        : No active profile set, falling back to 1 default profile: "default"
2025-08-25T12:38:44.209+05:30  INFO 4684 --- [growthlab-backend] [restartedMain] .s.d.r.c.RepositoryConfigurationDelegate : Multiple Spring Data modules found, entering strict repository configuration mode
2025-08-25T12:38:44.210+05:30  INFO 4684 --- [growthlab-backend] [restartedMain] .s.d.r.c.RepositoryConfigurationDelegate : Bootstrapping Spring Data JPA repositories in DEFAULT mode.
2025-08-25T12:38:44.306+05:30  INFO 4684 --- [growthlab-backend] [restartedMain] .s.d.r.c.RepositoryConfigurationDelegate : Finished Spring Data repository scanning in 95 ms. Found 20 JPA repository interfaces.
2025-08-25T12:38:45.067+05:30  INFO 4684 --- [growthlab-backend] [restartedMain] o.s.b.w.embedded.tomcat.TomcatWebServer  : Tomcat initialized with port 8080 (http)
2025-08-25T12:38:45.069+05:30  INFO 4684 --- [growthlab-backend] [restartedMain] o.apache.catalina.core.StandardService   : Starting service [Tomcat]
2025-08-25T12:38:45.069+05:30  INFO 4684 --- [growthlab-backend] [restartedMain] o.apache.catalina.core.StandardEngine    : Starting Servlet engine: [Apache Tomcat/10.1.41]
2025-08-25T12:38:45.129+05:30  INFO 4684 --- [growthlab-backend] [restartedMain] o.a.c.c.C.[Tomcat].[localhost].[/]       : Initializing Spring embedded WebApplicationContext
2025-08-25T12:38:45.129+05:30  INFO 4684 --- [growthlab-backend] [restartedMain] w.s.c.ServletWebServerApplicationContext : Root WebApplicationContext: initialization completed in 1977 ms
2025-08-25T12:38:45.340+05:30  INFO 4684 --- [growthlab-backend] [restartedMain] o.hibernate.jpa.internal.util.LogHelper  : HHH000204: Processing PersistenceUnitInfo [name: default]
2025-08-25T12:38:45.348+05:30  INFO 4684 --- [growthlab-backend] [restartedMain] o.h.c.internal.RegionFactoryInitiator    : HHH000026: Second-level cache disabled
2025-08-25T12:38:45.370+05:30  INFO 4684 --- [growthlab-backend] [restartedMain] o.s.o.j.p.SpringPersistenceUnitInfo      : No LoadTimeWeaver setup: ignoring JPA class transformer
2025-08-25T12:38:45.373+05:30  INFO 4684 --- [growthlab-backend] [restartedMain] com.zaxxer.hikari.HikariDataSource       : HikariPool-4 - Starting...
2025-08-25T12:38:45.473+05:30  INFO 4684 --- [growthlab-backend] [restartedMain] com.zaxxer.hikari.pool.HikariPool        : HikariPool-4 - Added connection org.postgresql.jdbc.PgConnection@54cc9d27
2025-08-25T12:38:45.473+05:30  INFO 4684 --- [growthlab-backend] [restartedMain] com.zaxxer.hikari.HikariDataSource       : HikariPool-4 - Start completed.
2025-08-25T12:38:45.491+05:30  WARN 4684 --- [growthlab-backend] [restartedMain] org.hibernate.orm.deprecation            : HHH90000025: PostgreSQLDialect does not need to be specified explicitly using 'hibernate.dialect' (remove the property setting and it will be selected by default)
2025-08-25T12:38:46.005+05:30  INFO 4684 --- [growthlab-backend] [restartedMain] o.h.e.t.j.p.i.JtaPlatformInitiator       : HHH000489: No JTA platform available (set 'hibernate.transaction.jta.platform' to enable JTA platform integration)
2025-08-25T12:38:48.023+05:30  INFO 4684 --- [growthlab-backend] [restartedMain] j.LocalContainerEntityManagerFactoryBean : Initialized JPA EntityManagerFactory for persistence unit 'default'
2025-08-25T12:38:49.134+05:30  WARN 4684 --- [growthlab-backend] [restartedMain] .s.s.UserDetailsServiceAutoConfiguration : 

Using generated security password: 8026782f-dbaa-4f0d-ab75-ee77a3f3485d

This generated password is for development use only. Your security configuration must be updated before running your application in production.

2025-08-25T12:38:49.138+05:30  INFO 4684 --- [growthlab-backend] [restartedMain] r$InitializeUserDetailsManagerConfigurer : Global AuthenticationManager configured with UserDetailsService bean with name inMemoryUserDetailsManager
2025-08-25T12:38:49.165+05:30  INFO 4684 --- [growthlab-backend] [restartedMain] o.s.b.a.w.s.WelcomePageHandlerMapping    : Adding welcome page: class path resource [static/index.html]
2025-08-25T12:38:49.441+05:30  INFO 4684 --- [growthlab-backend] [restartedMain] o.s.b.a.e.web.EndpointLinksResolver      : Exposing 16 endpoints beneath base path '/actuator'
2025-08-25T12:38:49.836+05:30  INFO 4684 --- [growthlab-backend] [restartedMain] .w.s.a.s.AnnotationActionEndpointMapping : Supporting [WS-Addressing August 2004, WS-Addressing 1.0]
2025-08-25T12:38:49.859+05:30  INFO 4684 --- [growthlab-backend] [restartedMain] o.s.b.d.a.OptionalLiveReloadServer       : LiveReload server is running on port 35729
2025-08-25T12:38:49.916+05:30  INFO 4684 --- [growthlab-backend] [restartedMain] o.s.b.w.embedded.tomcat.TomcatWebServer  : Tomcat started on port 8080 (http) with context path '/'
2025-08-25T12:38:49.941+05:30  INFO 4684 --- [growthlab-backend] [restartedMain] c.m.g.GrowthlabBackendApplication        : Started GrowthlabBackendApplication in 6.916 seconds (process running for 11062.623)
2025-08-25T12:38:49.945+05:30  INFO 4684 --- [growthlab-backend] [restartedMain] .ConditionEvaluationDeltaLoggingListener : Condition evaluation unchanged
2025-08-25T12:40:22.343+05:30  INFO 4684 --- [growthlab-backend] [http-nio-8080-exec-1] o.a.c.c.C.[Tomcat].[localhost].[/]       : Initializing Spring DispatcherServlet 'dispatcherServlet'
2025-08-25T12:40:22.344+05:30  INFO 4684 --- [growthlab-backend] [http-nio-8080-exec-1] o.s.web.servlet.DispatcherServlet        : Initializing Servlet 'dispatcherServlet'
2025-08-25T12:40:22.356+05:30  INFO 4684 --- [growthlab-backend] [http-nio-8080-exec-1] o.s.web.servlet.DispatcherServlet        : Completed initialization in 12 ms
2025-08-25T13:01:07.779+05:30  INFO 4684 --- [growthlab-backend] [File Watcher] rtingClassPathChangeChangedEventListener : Restarting due to 1 class path change (0 additions, 0 deletions, 1 modification)
2025-08-25T13:01:08.187+05:30  INFO 4684 --- [growthlab-backend] [Thread-18] j.LocalContainerEntityManagerFactoryBean : Closing JPA EntityManagerFactory for persistence unit 'default'
2025-08-25T13:01:08.254+05:30  INFO 4684 --- [growthlab-backend] [Thread-18] com.zaxxer.hikari.HikariDataSource       : HikariPool-4 - Shutdown initiated...
2025-08-25T13:01:08.263+05:30  INFO 4684 --- [growthlab-backend] [Thread-18] com.zaxxer.hikari.HikariDataSource       : HikariPool-4 - Shutdown completed.
2025-08-25T13:01:09.376+05:30  INFO 4684 --- [growthlab-backend] [restartedMain] c.m.g.GrowthlabBackendApplication        : Starting GrowthlabBackendApplication using Java 17.0.11 with PID 4684 (C:\Users\Admin\growthlab-backend\target\classes started by Admin in C:\Users\Admin\growthlab-backend)
2025-08-25T13:01:09.377+05:30  INFO 4684 --- [growthlab-backend] [restartedMain] c.m.g.GrowthlabBackendApplication        : No active profile set, falling back to 1 default profile: "default"
2025-08-25T13:01:10.517+05:30  INFO 4684 --- [growthlab-backend] [restartedMain] .s.d.r.c.RepositoryConfigurationDelegate : Multiple Spring Data modules found, entering strict repository configuration mode
2025-08-25T13:01:10.517+05:30  INFO 4684 --- [growthlab-backend] [restartedMain] .s.d.r.c.RepositoryConfigurationDelegate : Bootstrapping Spring Data JPA repositories in DEFAULT mode.
2025-08-25T13:01:10.628+05:30  INFO 4684 --- [growthlab-backend] [restartedMain] .s.d.r.c.RepositoryConfigurationDelegate : Finished Spring Data repository scanning in 110 ms. Found 20 JPA repository interfaces.
2025-08-25T13:01:12.211+05:30  INFO 4684 --- [growthlab-backend] [restartedMain] o.s.b.w.embedded.tomcat.TomcatWebServer  : Tomcat initialized with port 8080 (http)
2025-08-25T13:01:12.213+05:30  INFO 4684 --- [growthlab-backend] [restartedMain] o.apache.catalina.core.StandardService   : Starting service [Tomcat]
2025-08-25T13:01:12.213+05:30  INFO 4684 --- [growthlab-backend] [restartedMain] o.apache.catalina.core.StandardEngine    : Starting Servlet engine: [Apache Tomcat/10.1.41]
2025-08-25T13:01:12.344+05:30  INFO 4684 --- [growthlab-backend] [restartedMain] o.a.c.c.C.[Tomcat].[localhost].[/]       : Initializing Spring embedded WebApplicationContext
2025-08-25T13:01:12.344+05:30  INFO 4684 --- [growthlab-backend] [restartedMain] w.s.c.ServletWebServerApplicationContext : Root WebApplicationContext: initialization completed in 2953 ms
2025-08-25T13:01:12.555+05:30  INFO 4684 --- [growthlab-backend] [restartedMain] o.hibernate.jpa.internal.util.LogHelper  : HHH000204: Processing PersistenceUnitInfo [name: default]
2025-08-25T13:01:12.563+05:30  INFO 4684 --- [growthlab-backend] [restartedMain] o.h.c.internal.RegionFactoryInitiator    : HHH000026: Second-level cache disabled
2025-08-25T13:01:12.609+05:30  INFO 4684 --- [growthlab-backend] [restartedMain] o.s.o.j.p.SpringPersistenceUnitInfo      : No LoadTimeWeaver setup: ignoring JPA class transformer
2025-08-25T13:01:12.611+05:30  INFO 4684 --- [growthlab-backend] [restartedMain] com.zaxxer.hikari.HikariDataSource       : HikariPool-5 - Starting...
2025-08-25T13:01:12.715+05:30  INFO 4684 --- [growthlab-backend] [restartedMain] com.zaxxer.hikari.pool.HikariPool        : HikariPool-5 - Added connection org.postgresql.jdbc.PgConnection@3648676c
2025-08-25T13:01:12.716+05:30  INFO 4684 --- [growthlab-backend] [restartedMain] com.zaxxer.hikari.HikariDataSource       : HikariPool-5 - Start completed.
2025-08-25T13:01:12.743+05:30  WARN 4684 --- [growthlab-backend] [restartedMain] org.hibernate.orm.deprecation            : HHH90000025: PostgreSQLDialect does not need to be specified explicitly using 'hibernate.dialect' (remove the property setting and it will be selected by default)
2025-08-25T13:01:13.232+05:30  INFO 4684 --- [growthlab-backend] [restartedMain] o.h.e.t.j.p.i.JtaPlatformInitiator       : HHH000489: No JTA platform available (set 'hibernate.transaction.jta.platform' to enable JTA platform integration)
2025-08-25T13:01:15.767+05:30  INFO 4684 --- [growthlab-backend] [restartedMain] j.LocalContainerEntityManagerFactoryBean : Initialized JPA EntityManagerFactory for persistence unit 'default'
2025-08-25T13:01:17.058+05:30  WARN 4684 --- [growthlab-backend] [restartedMain] .s.s.UserDetailsServiceAutoConfiguration : 

Using generated security password: 84ad4efd-dca6-4fca-bc9b-39775faaeee5

This generated password is for development use only. Your security configuration must be updated before running your application in production.

2025-08-25T13:01:17.060+05:30  INFO 4684 --- [growthlab-backend] [restartedMain] r$InitializeUserDetailsManagerConfigurer : Global AuthenticationManager configured with UserDetailsService bean with name inMemoryUserDetailsManager
2025-08-25T13:01:17.087+05:30  INFO 4684 --- [growthlab-backend] [restartedMain] o.s.b.a.w.s.WelcomePageHandlerMapping    : Adding welcome page: class path resource [static/index.html]
2025-08-25T13:01:17.377+05:30  INFO 4684 --- [growthlab-backend] [restartedMain] o.s.b.a.e.web.EndpointLinksResolver      : Exposing 16 endpoints beneath base path '/actuator'
2025-08-25T13:01:17.832+05:30  INFO 4684 --- [growthlab-backend] [restartedMain] .w.s.a.s.AnnotationActionEndpointMapping : Supporting [WS-Addressing August 2004, WS-Addressing 1.0]
2025-08-25T13:01:17.856+05:30  INFO 4684 --- [growthlab-backend] [restartedMain] o.s.b.d.a.OptionalLiveReloadServer       : LiveReload server is running on port 35729
2025-08-25T13:01:17.979+05:30  INFO 4684 --- [growthlab-backend] [restartedMain] o.s.b.w.embedded.tomcat.TomcatWebServer  : Tomcat started on port 8080 (http) with context path '/'
2025-08-25T13:01:18.004+05:30  INFO 4684 --- [growthlab-backend] [restartedMain] c.m.g.GrowthlabBackendApplication        : Started GrowthlabBackendApplication in 8.8 seconds (process running for 12410.687)
2025-08-25T13:01:18.008+05:30  INFO 4684 --- [growthlab-backend] [restartedMain] .ConditionEvaluationDeltaLoggingListener : Condition evaluation unchanged
2025-08-25T13:04:49.917+05:30  INFO 4684 --- [growthlab-backend] [File Watcher] rtingClassPathChangeChangedEventListener : Restarting due to 3 class path changes (2 additions, 0 deletions, 1 modification)
2025-08-25T13:04:50.076+05:30  INFO 4684 --- [growthlab-backend] [Thread-23] j.LocalContainerEntityManagerFactoryBean : Closing JPA EntityManagerFactory for persistence unit 'default'
2025-08-25T13:04:50.076+05:30  INFO 4684 --- [growthlab-backend] [Thread-23] com.zaxxer.hikari.HikariDataSource       : HikariPool-5 - Shutdown initiated...
2025-08-25T13:04:50.078+05:30  INFO 4684 --- [growthlab-backend] [Thread-23] com.zaxxer.hikari.HikariDataSource       : HikariPool-5 - Shutdown completed.
2025-08-25T13:04:50.294+05:30  INFO 4684 --- [growthlab-backend] [restartedMain] c.m.g.GrowthlabBackendApplication        : Starting GrowthlabBackendApplication using Java 17.0.11 with PID 4684 (C:\Users\Admin\growthlab-backend\target\classes started by Admin in C:\Users\Admin\growthlab-backend)
2025-08-25T13:04:50.295+05:30  INFO 4684 --- [growthlab-backend] [restartedMain] c.m.g.GrowthlabBackendApplication        : No active profile set, falling back to 1 default profile: "default"
2025-08-25T13:04:51.320+05:30  INFO 4684 --- [growthlab-backend] [restartedMain] .s.d.r.c.RepositoryConfigurationDelegate : Multiple Spring Data modules found, entering strict repository configuration mode
2025-08-25T13:04:51.322+05:30  INFO 4684 --- [growthlab-backend] [restartedMain] .s.d.r.c.RepositoryConfigurationDelegate : Bootstrapping Spring Data JPA repositories in DEFAULT mode.
2025-08-25T13:04:51.406+05:30  INFO 4684 --- [growthlab-backend] [restartedMain] .s.d.r.c.RepositoryConfigurationDelegate : Finished Spring Data repository scanning in 83 ms. Found 20 JPA repository interfaces.
2025-08-25T13:04:52.089+05:30  INFO 4684 --- [growthlab-backend] [restartedMain] o.s.b.w.embedded.tomcat.TomcatWebServer  : Tomcat initialized with port 8080 (http)
2025-08-25T13:04:52.089+05:30  INFO 4684 --- [growthlab-backend] [restartedMain] o.apache.catalina.core.StandardService   : Starting service [Tomcat]
2025-08-25T13:04:52.090+05:30  INFO 4684 --- [growthlab-backend] [restartedMain] o.apache.catalina.core.StandardEngine    : Starting Servlet engine: [Apache Tomcat/10.1.41]
2025-08-25T13:04:52.157+05:30  INFO 4684 --- [growthlab-backend] [restartedMain] o.a.c.c.C.[Tomcat].[localhost].[/]       : Initializing Spring embedded WebApplicationContext
2025-08-25T13:04:52.158+05:30  INFO 4684 --- [growthlab-backend] [restartedMain] w.s.c.ServletWebServerApplicationContext : Root WebApplicationContext: initialization completed in 1859 ms
2025-08-25T13:04:52.360+05:30  INFO 4684 --- [growthlab-backend] [restartedMain] o.hibernate.jpa.internal.util.LogHelper  : HHH000204: Processing PersistenceUnitInfo [name: default]
2025-08-25T13:04:52.366+05:30  INFO 4684 --- [growthlab-backend] [restartedMain] o.h.c.internal.RegionFactoryInitiator    : HHH000026: Second-level cache disabled
2025-08-25T13:04:52.382+05:30  INFO 4684 --- [growthlab-backend] [restartedMain] o.s.o.j.p.SpringPersistenceUnitInfo      : No LoadTimeWeaver setup: ignoring JPA class transformer
2025-08-25T13:04:52.384+05:30  INFO 4684 --- [growthlab-backend] [restartedMain] com.zaxxer.hikari.HikariDataSource       : HikariPool-6 - Starting...
2025-08-25T13:04:52.476+05:30  INFO 4684 --- [growthlab-backend] [restartedMain] com.zaxxer.hikari.pool.HikariPool        : HikariPool-6 - Added connection org.postgresql.jdbc.PgConnection@40dd5dbb
2025-08-25T13:04:52.476+05:30  INFO 4684 --- [growthlab-backend] [restartedMain] com.zaxxer.hikari.HikariDataSource       : HikariPool-6 - Start completed.
2025-08-25T13:04:52.493+05:30  WARN 4684 --- [growthlab-backend] [restartedMain] org.hibernate.orm.deprecation            : HHH90000025: PostgreSQLDialect does not need to be specified explicitly using 'hibernate.dialect' (remove the property setting and it will be selected by default)
2025-08-25T13:04:53.079+05:30  INFO 4684 --- [growthlab-backend] [restartedMain] o.h.e.t.j.p.i.JtaPlatformInitiator       : HHH000489: No JTA platform available (set 'hibernate.transaction.jta.platform' to enable JTA platform integration)
2025-08-25T13:04:55.229+05:30  INFO 4684 --- [growthlab-backend] [restartedMain] j.LocalContainerEntityManagerFactoryBean : Initialized JPA EntityManagerFactory for persistence unit 'default'
2025-08-25T13:04:56.184+05:30  WARN 4684 --- [growthlab-backend] [restartedMain] .s.s.UserDetailsServiceAutoConfiguration : 

Using generated security password: 8f709c0b-9df1-4d05-a9ad-23094dc9d05b

This generated password is for development use only. Your security configuration must be updated before running your application in production.

2025-08-25T13:04:56.187+05:30  INFO 4684 --- [growthlab-backend] [restartedMain] r$InitializeUserDetailsManagerConfigurer : Global AuthenticationManager configured with UserDetailsService bean with name inMemoryUserDetailsManager
2025-08-25T13:04:56.208+05:30  INFO 4684 --- [growthlab-backend] [restartedMain] o.s.b.a.w.s.WelcomePageHandlerMapping    : Adding welcome page: class path resource [static/index.html]
2025-08-25T13:04:56.480+05:30  INFO 4684 --- [growthlab-backend] [restartedMain] o.s.b.a.e.web.EndpointLinksResolver      : Exposing 16 endpoints beneath base path '/actuator'
2025-08-25T13:04:56.926+05:30  INFO 4684 --- [growthlab-backend] [restartedMain] .w.s.a.s.AnnotationActionEndpointMapping : Supporting [WS-Addressing August 2004, WS-Addressing 1.0]
2025-08-25T13:04:56.947+05:30  INFO 4684 --- [growthlab-backend] [restartedMain] o.s.b.d.a.OptionalLiveReloadServer       : LiveReload server is running on port 35729
2025-08-25T13:04:57.003+05:30  INFO 4684 --- [growthlab-backend] [restartedMain] o.s.b.w.embedded.tomcat.TomcatWebServer  : Tomcat started on port 8080 (http) with context path '/'
2025-08-25T13:04:57.026+05:30  INFO 4684 --- [growthlab-backend] [restartedMain] c.m.g.GrowthlabBackendApplication        : Started GrowthlabBackendApplication in 6.805 seconds (process running for 12629.709)
2025-08-25T13:04:57.030+05:30  INFO 4684 --- [growthlab-backend] [restartedMain] .ConditionEvaluationDeltaLoggingListener : Condition evaluation unchanged
2025-08-25T13:07:42.642+05:30  INFO 4684 --- [growthlab-backend] [File Watcher] rtingClassPathChangeChangedEventListener : Restarting due to 1 class path change (0 additions, 0 deletions, 1 modification)
2025-08-25T13:07:42.784+05:30  INFO 4684 --- [growthlab-backend] [Thread-28] j.LocalContainerEntityManagerFactoryBean : Closing JPA EntityManagerFactory for persistence unit 'default'
2025-08-25T13:07:42.786+05:30  INFO 4684 --- [growthlab-backend] [Thread-28] com.zaxxer.hikari.HikariDataSource       : HikariPool-6 - Shutdown initiated...
2025-08-25T13:07:42.787+05:30  INFO 4684 --- [growthlab-backend] [Thread-28] com.zaxxer.hikari.HikariDataSource       : HikariPool-6 - Shutdown completed.
2025-08-25T13:07:42.972+05:30  INFO 4684 --- [growthlab-backend] [restartedMain] c.m.g.GrowthlabBackendApplication        : Starting GrowthlabBackendApplication using Java 17.0.11 with PID 4684 (C:\Users\Admin\growthlab-backend\target\classes started by Admin in C:\Users\Admin\growthlab-backend)
2025-08-25T13:07:42.972+05:30  INFO 4684 --- [growthlab-backend] [restartedMain] c.m.g.GrowthlabBackendApplication        : No active profile set, falling back to 1 default profile: "default"
2025-08-25T13:07:43.654+05:30  INFO 4684 --- [growthlab-backend] [restartedMain] .s.d.r.c.RepositoryConfigurationDelegate : Multiple Spring Data modules found, entering strict repository configuration mode
2025-08-25T13:07:43.654+05:30  INFO 4684 --- [growthlab-backend] [restartedMain] .s.d.r.c.RepositoryConfigurationDelegate : Bootstrapping Spring Data JPA repositories in DEFAULT mode.
2025-08-25T13:07:43.740+05:30  INFO 4684 --- [growthlab-backend] [restartedMain] .s.d.r.c.RepositoryConfigurationDelegate : Finished Spring Data repository scanning in 85 ms. Found 20 JPA repository interfaces.
2025-08-25T13:07:44.375+05:30  INFO 4684 --- [growthlab-backend] [restartedMain] o.s.b.w.embedded.tomcat.TomcatWebServer  : Tomcat initialized with port 8080 (http)
2025-08-25T13:07:44.376+05:30  INFO 4684 --- [growthlab-backend] [restartedMain] o.apache.catalina.core.StandardService   : Starting service [Tomcat]
2025-08-25T13:07:44.377+05:30  INFO 4684 --- [growthlab-backend] [restartedMain] o.apache.catalina.core.StandardEngine    : Starting Servlet engine: [Apache Tomcat/10.1.41]
2025-08-25T13:07:44.439+05:30  INFO 4684 --- [growthlab-backend] [restartedMain] o.a.c.c.C.[Tomcat].[localhost].[/]       : Initializing Spring embedded WebApplicationContext
2025-08-25T13:07:44.440+05:30  INFO 4684 --- [growthlab-backend] [restartedMain] w.s.c.ServletWebServerApplicationContext : Root WebApplicationContext: initialization completed in 1464 ms
2025-08-25T13:07:44.649+05:30  INFO 4684 --- [growthlab-backend] [restartedMain] o.hibernate.jpa.internal.util.LogHelper  : HHH000204: Processing PersistenceUnitInfo [name: default]
2025-08-25T13:07:44.654+05:30  INFO 4684 --- [growthlab-backend] [restartedMain] o.h.c.internal.RegionFactoryInitiator    : HHH000026: Second-level cache disabled
2025-08-25T13:07:44.672+05:30  INFO 4684 --- [growthlab-backend] [restartedMain] o.s.o.j.p.SpringPersistenceUnitInfo      : No LoadTimeWeaver setup: ignoring JPA class transformer
2025-08-25T13:07:44.673+05:30  INFO 4684 --- [growthlab-backend] [restartedMain] com.zaxxer.hikari.HikariDataSource       : HikariPool-7 - Starting...
2025-08-25T13:07:44.758+05:30  INFO 4684 --- [growthlab-backend] [restartedMain] com.zaxxer.hikari.pool.HikariPool        : HikariPool-7 - Added connection org.postgresql.jdbc.PgConnection@16ccbde3
2025-08-25T13:07:44.759+05:30  INFO 4684 --- [growthlab-backend] [restartedMain] com.zaxxer.hikari.HikariDataSource       : HikariPool-7 - Start completed.
2025-08-25T13:07:44.770+05:30  WARN 4684 --- [growthlab-backend] [restartedMain] org.hibernate.orm.deprecation            : HHH90000025: PostgreSQLDialect does not need to be specified explicitly using 'hibernate.dialect' (remove the property setting and it will be selected by default)
2025-08-25T13:07:45.322+05:30  INFO 4684 --- [growthlab-backend] [restartedMain] o.h.e.t.j.p.i.JtaPlatformInitiator       : HHH000489: No JTA platform available (set 'hibernate.transaction.jta.platform' to enable JTA platform integration)
2025-08-25T13:07:47.612+05:30  INFO 4684 --- [growthlab-backend] [restartedMain] j.LocalContainerEntityManagerFactoryBean : Initialized JPA EntityManagerFactory for persistence unit 'default'
2025-08-25T13:07:48.520+05:30  WARN 4684 --- [growthlab-backend] [restartedMain] .s.s.UserDetailsServiceAutoConfiguration : 

Using generated security password: 18057651-6c46-4a4b-9024-dcfeda7a8181

This generated password is for development use only. Your security configuration must be updated before running your application in production.

2025-08-25T13:07:48.525+05:30  INFO 4684 --- [growthlab-backend] [restartedMain] r$InitializeUserDetailsManagerConfigurer : Global AuthenticationManager configured with UserDetailsService bean with name inMemoryUserDetailsManager
2025-08-25T13:07:48.557+05:30  INFO 4684 --- [growthlab-backend] [restartedMain] o.s.b.a.w.s.WelcomePageHandlerMapping    : Adding welcome page: class path resource [static/index.html]
2025-08-25T13:07:48.838+05:30  INFO 4684 --- [growthlab-backend] [restartedMain] o.s.b.a.e.web.EndpointLinksResolver      : Exposing 16 endpoints beneath base path '/actuator'
2025-08-25T13:07:49.225+05:30  INFO 4684 --- [growthlab-backend] [restartedMain] .w.s.a.s.AnnotationActionEndpointMapping : Supporting [WS-Addressing August 2004, WS-Addressing 1.0]
2025-08-25T13:07:49.245+05:30  INFO 4684 --- [growthlab-backend] [restartedMain] o.s.b.d.a.OptionalLiveReloadServer       : LiveReload server is running on port 35729
2025-08-25T13:07:49.301+05:30  INFO 4684 --- [growthlab-backend] [restartedMain] o.s.b.w.embedded.tomcat.TomcatWebServer  : Tomcat started on port 8080 (http) with context path '/'
2025-08-25T13:07:49.321+05:30  INFO 4684 --- [growthlab-backend] [restartedMain] c.m.g.GrowthlabBackendApplication        : Started GrowthlabBackendApplication in 6.395 seconds (process running for 12802.004)
2025-08-25T13:07:49.327+05:30  INFO 4684 --- [growthlab-backend] [restartedMain] .ConditionEvaluationDeltaLoggingListener : Condition evaluation unchanged
2025-08-25T13:12:38.901+05:30  INFO 4684 --- [growthlab-backend] [File Watcher] rtingClassPathChangeChangedEventListener : Restarting due to 1 class path change (0 additions, 0 deletions, 1 modification)
2025-08-25T13:12:39.045+05:30  INFO 4684 --- [growthlab-backend] [Thread-33] j.LocalContainerEntityManagerFactoryBean : Closing JPA EntityManagerFactory for persistence unit 'default'
2025-08-25T13:12:39.046+05:30  INFO 4684 --- [growthlab-backend] [Thread-33] com.zaxxer.hikari.HikariDataSource       : HikariPool-7 - Shutdown initiated...
2025-08-25T13:12:39.048+05:30  INFO 4684 --- [growthlab-backend] [Thread-33] com.zaxxer.hikari.HikariDataSource       : HikariPool-7 - Shutdown completed.
2025-08-25T13:12:39.235+05:30  INFO 4684 --- [growthlab-backend] [restartedMain] c.m.g.GrowthlabBackendApplication        : Starting GrowthlabBackendApplication using Java 17.0.11 with PID 4684 (C:\Users\Admin\growthlab-backend\target\classes started by Admin in C:\Users\Admin\growthlab-backend)
2025-08-25T13:12:39.235+05:30  INFO 4684 --- [growthlab-backend] [restartedMain] c.m.g.GrowthlabBackendApplication        : No active profile set, falling back to 1 default profile: "default"
2025-08-25T13:12:39.903+05:30  INFO 4684 --- [growthlab-backend] [restartedMain] .s.d.r.c.RepositoryConfigurationDelegate : Multiple Spring Data modules found, entering strict repository configuration mode
2025-08-25T13:12:39.904+05:30  INFO 4684 --- [growthlab-backend] [restartedMain] .s.d.r.c.RepositoryConfigurationDelegate : Bootstrapping Spring Data JPA repositories in DEFAULT mode.
2025-08-25T13:12:39.982+05:30  INFO 4684 --- [growthlab-backend] [restartedMain] .s.d.r.c.RepositoryConfigurationDelegate : Finished Spring Data repository scanning in 77 ms. Found 20 JPA repository interfaces.
2025-08-25T13:12:40.557+05:30  INFO 4684 --- [growthlab-backend] [restartedMain] o.s.b.w.embedded.tomcat.TomcatWebServer  : Tomcat initialized with port 8080 (http)
2025-08-25T13:12:40.558+05:30  INFO 4684 --- [growthlab-backend] [restartedMain] o.apache.catalina.core.StandardService   : Starting service [Tomcat]
2025-08-25T13:12:40.558+05:30  INFO 4684 --- [growthlab-backend] [restartedMain] o.apache.catalina.core.StandardEngine    : Starting Servlet engine: [Apache Tomcat/10.1.41]
2025-08-25T13:12:40.613+05:30  INFO 4684 --- [growthlab-backend] [restartedMain] o.a.c.c.C.[Tomcat].[localhost].[/]       : Initializing Spring embedded WebApplicationContext
2025-08-25T13:12:40.613+05:30  INFO 4684 --- [growthlab-backend] [restartedMain] w.s.c.ServletWebServerApplicationContext : Root WebApplicationContext: initialization completed in 1374 ms
2025-08-25T13:12:40.860+05:30  INFO 4684 --- [growthlab-backend] [restartedMain] o.hibernate.jpa.internal.util.LogHelper  : HHH000204: Processing PersistenceUnitInfo [name: default]
2025-08-25T13:12:40.870+05:30  INFO 4684 --- [growthlab-backend] [restartedMain] o.h.c.internal.RegionFactoryInitiator    : HHH000026: Second-level cache disabled
2025-08-25T13:12:40.890+05:30  INFO 4684 --- [growthlab-backend] [restartedMain] o.s.o.j.p.SpringPersistenceUnitInfo      : No LoadTimeWeaver setup: ignoring JPA class transformer
2025-08-25T13:12:40.893+05:30  INFO 4684 --- [growthlab-backend] [restartedMain] com.zaxxer.hikari.HikariDataSource       : HikariPool-8 - Starting...
2025-08-25T13:12:41.000+05:30  INFO 4684 --- [growthlab-backend] [restartedMain] com.zaxxer.hikari.pool.HikariPool        : HikariPool-8 - Added connection org.postgresql.jdbc.PgConnection@55533647
2025-08-25T13:12:41.000+05:30  INFO 4684 --- [growthlab-backend] [restartedMain] com.zaxxer.hikari.HikariDataSource       : HikariPool-8 - Start completed.
2025-08-25T13:12:41.014+05:30  WARN 4684 --- [growthlab-backend] [restartedMain] org.hibernate.orm.deprecation            : HHH90000025: PostgreSQLDialect does not need to be specified explicitly using 'hibernate.dialect' (remove the property setting and it will be selected by default)
2025-08-25T13:12:41.479+05:30  INFO 4684 --- [growthlab-backend] [restartedMain] o.h.e.t.j.p.i.JtaPlatformInitiator       : HHH000489: No JTA platform available (set 'hibernate.transaction.jta.platform' to enable JTA platform integration)
2025-08-25T13:12:43.431+05:30  INFO 4684 --- [growthlab-backend] [restartedMain] j.LocalContainerEntityManagerFactoryBean : Initialized JPA EntityManagerFactory for persistence unit 'default'
2025-08-25T13:12:44.322+05:30  WARN 4684 --- [growthlab-backend] [restartedMain] .s.s.UserDetailsServiceAutoConfiguration : 

Using generated security password: 303377d0-dc1e-4e93-a8a8-e01310c1bfec

This generated password is for development use only. Your security configuration must be updated before running your application in production.

2025-08-25T13:12:44.325+05:30  INFO 4684 --- [growthlab-backend] [restartedMain] r$InitializeUserDetailsManagerConfigurer : Global AuthenticationManager configured with UserDetailsService bean with name inMemoryUserDetailsManager
2025-08-25T13:12:44.349+05:30  INFO 4684 --- [growthlab-backend] [restartedMain] o.s.b.a.w.s.WelcomePageHandlerMapping    : Adding welcome page: class path resource [static/index.html]
2025-08-25T13:12:44.650+05:30  INFO 4684 --- [growthlab-backend] [restartedMain] o.s.b.a.e.web.EndpointLinksResolver      : Exposing 16 endpoints beneath base path '/actuator'
2025-08-25T13:12:45.044+05:30  INFO 4684 --- [growthlab-backend] [restartedMain] .w.s.a.s.AnnotationActionEndpointMapping : Supporting [WS-Addressing August 2004, WS-Addressing 1.0]
2025-08-25T13:12:45.069+05:30  INFO 4684 --- [growthlab-backend] [restartedMain] o.s.b.d.a.OptionalLiveReloadServer       : LiveReload server is running on port 35729
2025-08-25T13:12:45.130+05:30  INFO 4684 --- [growthlab-backend] [restartedMain] o.s.b.w.embedded.tomcat.TomcatWebServer  : Tomcat started on port 8080 (http) with context path '/'
2025-08-25T13:12:45.154+05:30  INFO 4684 --- [growthlab-backend] [restartedMain] c.m.g.GrowthlabBackendApplication        : Started GrowthlabBackendApplication in 5.964 seconds (process running for 13097.836)
2025-08-25T13:12:45.158+05:30  INFO 4684 --- [growthlab-backend] [restartedMain] .ConditionEvaluationDeltaLoggingListener : Condition evaluation unchanged
2025-08-25T13:13:00.375+05:30  INFO 4684 --- [growthlab-backend] [http-nio-8080-exec-1] o.a.c.c.C.[Tomcat].[localhost].[/]       : Initializing Spring DispatcherServlet 'dispatcherServlet'
2025-08-25T13:13:00.376+05:30  INFO 4684 --- [growthlab-backend] [http-nio-8080-exec-1] o.s.web.servlet.DispatcherServlet        : Initializing Servlet 'dispatcherServlet'
2025-08-25T13:13:00.381+05:30  INFO 4684 --- [growthlab-backend] [http-nio-8080-exec-1] o.s.web.servlet.DispatcherServlet        : Completed initialization in 5 ms
2025-08-25T13:13:00.446+05:30  INFO 4684 --- [growthlab-backend] [http-nio-8080-exec-1] c.m.growthlab.service.UserServiceImpl    : Fetching all users from database - cache miss
2025-08-25T13:26:17.890+05:30  INFO 4684 --- [growthlab-backend] [File Watcher] rtingClassPathChangeChangedEventListener : Restarting due to 1 class path change (0 additions, 0 deletions, 1 modification)
2025-08-25T13:26:18.060+05:30  INFO 4684 --- [growthlab-backend] [Thread-38] j.LocalContainerEntityManagerFactoryBean : Closing JPA EntityManagerFactory for persistence unit 'default'
2025-08-25T13:26:18.063+05:30  INFO 4684 --- [growthlab-backend] [Thread-38] com.zaxxer.hikari.HikariDataSource       : HikariPool-8 - Shutdown initiated...
2025-08-25T13:26:18.068+05:30  INFO 4684 --- [growthlab-backend] [Thread-38] com.zaxxer.hikari.HikariDataSource       : HikariPool-8 - Shutdown completed.
2025-08-25T13:26:18.339+05:30  INFO 4684 --- [growthlab-backend] [restartedMain] c.m.g.GrowthlabBackendApplication        : Starting GrowthlabBackendApplication using Java 17.0.11 with PID 4684 (C:\Users\Admin\growthlab-backend\target\classes started by Admin in C:\Users\Admin\growthlab-backend)
2025-08-25T13:26:18.340+05:30  INFO 4684 --- [growthlab-backend] [restartedMain] c.m.g.GrowthlabBackendApplication        : No active profile set, falling back to 1 default profile: "default"
2025-08-25T13:26:19.438+05:30  INFO 4684 --- [growthlab-backend] [restartedMain] .s.d.r.c.RepositoryConfigurationDelegate : Multiple Spring Data modules found, entering strict repository configuration mode
2025-08-25T13:26:19.438+05:30  INFO 4684 --- [growthlab-backend] [restartedMain] .s.d.r.c.RepositoryConfigurationDelegate : Bootstrapping Spring Data JPA repositories in DEFAULT mode.
2025-08-25T13:26:19.525+05:30  INFO 4684 --- [growthlab-backend] [restartedMain] .s.d.r.c.RepositoryConfigurationDelegate : Finished Spring Data repository scanning in 86 ms. Found 20 JPA repository interfaces.
2025-08-25T13:26:20.239+05:30  INFO 4684 --- [growthlab-backend] [restartedMain] o.s.b.w.embedded.tomcat.TomcatWebServer  : Tomcat initialized with port 8080 (http)
2025-08-25T13:26:20.240+05:30  INFO 4684 --- [growthlab-backend] [restartedMain] o.apache.catalina.core.StandardService   : Starting service [Tomcat]
2025-08-25T13:26:20.240+05:30  INFO 4684 --- [growthlab-backend] [restartedMain] o.apache.catalina.core.StandardEngine    : Starting Servlet engine: [Apache Tomcat/10.1.41]
2025-08-25T13:26:20.299+05:30  INFO 4684 --- [growthlab-backend] [restartedMain] o.a.c.c.C.[Tomcat].[localhost].[/]       : Initializing Spring embedded WebApplicationContext
2025-08-25T13:26:20.300+05:30  INFO 4684 --- [growthlab-backend] [restartedMain] w.s.c.ServletWebServerApplicationContext : Root WebApplicationContext: initialization completed in 1956 ms
2025-08-25T13:26:20.510+05:30  INFO 4684 --- [growthlab-backend] [restartedMain] o.hibernate.jpa.internal.util.LogHelper  : HHH000204: Processing PersistenceUnitInfo [name: default]
2025-08-25T13:26:20.518+05:30  INFO 4684 --- [growthlab-backend] [restartedMain] o.h.c.internal.RegionFactoryInitiator    : HHH000026: Second-level cache disabled
2025-08-25T13:26:20.536+05:30  INFO 4684 --- [growthlab-backend] [restartedMain] o.s.o.j.p.SpringPersistenceUnitInfo      : No LoadTimeWeaver setup: ignoring JPA class transformer
2025-08-25T13:26:20.539+05:30  INFO 4684 --- [growthlab-backend] [restartedMain] com.zaxxer.hikari.HikariDataSource       : HikariPool-9 - Starting...
2025-08-25T13:26:20.644+05:30  INFO 4684 --- [growthlab-backend] [restartedMain] com.zaxxer.hikari.pool.HikariPool        : HikariPool-9 - Added connection org.postgresql.jdbc.PgConnection@400cd0b2
2025-08-25T13:26:20.645+05:30  INFO 4684 --- [growthlab-backend] [restartedMain] com.zaxxer.hikari.HikariDataSource       : HikariPool-9 - Start completed.
2025-08-25T13:26:20.667+05:30  WARN 4684 --- [growthlab-backend] [restartedMain] org.hibernate.orm.deprecation            : HHH90000025: PostgreSQLDialect does not need to be specified explicitly using 'hibernate.dialect' (remove the property setting and it will be selected by default)
2025-08-25T13:26:21.331+05:30  INFO 4684 --- [growthlab-backend] [restartedMain] o.h.e.t.j.p.i.JtaPlatformInitiator       : HHH000489: No JTA platform available (set 'hibernate.transaction.jta.platform' to enable JTA platform integration)
2025-08-25T13:26:23.408+05:30  INFO 4684 --- [growthlab-backend] [restartedMain] j.LocalContainerEntityManagerFactoryBean : Initialized JPA EntityManagerFactory for persistence unit 'default'
2025-08-25T13:26:24.482+05:30  WARN 4684 --- [growthlab-backend] [restartedMain] .s.s.UserDetailsServiceAutoConfiguration : 

Using generated security password: 27b112b6-6313-4b80-866e-a0b6ac5c8d3c

This generated password is for development use only. Your security configuration must be updated before running your application in production.

2025-08-25T13:26:24.502+05:30  INFO 4684 --- [growthlab-backend] [restartedMain] r$InitializeUserDetailsManagerConfigurer : Global AuthenticationManager configured with UserDetailsService bean with name inMemoryUserDetailsManager
2025-08-25T13:26:24.576+05:30  INFO 4684 --- [growthlab-backend] [restartedMain] o.s.b.a.w.s.WelcomePageHandlerMapping    : Adding welcome page: class path resource [static/index.html]
2025-08-25T13:26:25.066+05:30  INFO 4684 --- [growthlab-backend] [restartedMain] o.s.b.a.e.web.EndpointLinksResolver      : Exposing 16 endpoints beneath base path '/actuator'
2025-08-25T13:26:25.694+05:30  INFO 4684 --- [growthlab-backend] [restartedMain] .w.s.a.s.AnnotationActionEndpointMapping : Supporting [WS-Addressing August 2004, WS-Addressing 1.0]
2025-08-25T13:26:25.721+05:30  INFO 4684 --- [growthlab-backend] [restartedMain] o.s.b.d.a.OptionalLiveReloadServer       : LiveReload server is running on port 35729
2025-08-25T13:26:25.783+05:30  INFO 4684 --- [growthlab-backend] [restartedMain] o.s.b.w.embedded.tomcat.TomcatWebServer  : Tomcat started on port 8080 (http) with context path '/'
2025-08-25T13:26:25.810+05:30  INFO 4684 --- [growthlab-backend] [restartedMain] c.m.g.GrowthlabBackendApplication        : Started GrowthlabBackendApplication in 7.543 seconds (process running for 13918.492)
2025-08-25T13:26:25.816+05:30  INFO 4684 --- [growthlab-backend] [restartedMain] .ConditionEvaluationDeltaLoggingListener : Condition evaluation unchanged
2025-08-25T13:37:50.555+05:30  INFO 4684 --- [growthlab-backend] [RMI TCP Connection(218)-127.0.0.1] inMXBeanRegistrar$SpringApplicationAdmin : Application shutdown requested.
2025-08-25T13:37:50.700+05:30  INFO 4684 --- [growthlab-backend] [RMI TCP Connection(218)-127.0.0.1] j.LocalContainerEntityManagerFactoryBean : Closing JPA EntityManagerFactory for persistence unit 'default'
2025-08-25T13:37:50.701+05:30  INFO 4684 --- [growthlab-backend] [RMI TCP Connection(218)-127.0.0.1] com.zaxxer.hikari.HikariDataSource       : HikariPool-9 - Shutdown initiated...
2025-08-25T13:37:50.703+05:30  INFO 4684 --- [growthlab-backend] [RMI TCP Connection(218)-127.0.0.1] com.zaxxer.hikari.HikariDataSource       : HikariPool-9 - Shutdown completed.
